<?xml version="1.0" encoding="UTF-8"?>
<testng-results ignored="0" total="2" passed="2" failed="0" skipped="0">
  <reporter-output>
  </reporter-output>
  <suite started-at="2023-10-28T14:32:08 BST" name="Default suite" finished-at="2023-10-28T14:32:16 BST" duration-ms="7914">
    <groups>
    </groups>
    <test started-at="2023-10-28T14:32:08 BST" name="Default test" finished-at="2023-10-28T14:32:16 BST" duration-ms="7914">
      <class name="testscenarios.FlipkartTest">
        <test-method is-config="true" signature="beforeSuiteSetup()[pri:0, instance:testscenarios.FlipkartTest@449a4f23]" started-at="2023-10-28T14:32:03 BST" name="beforeSuiteSetup" finished-at="2023-10-28T14:32:08 BST" duration-ms="5420" status="PASS">
          <reporter-output>
          </reporter-output>
        </test-method> <!-- beforeSuiteSetup -->
        <test-method is-config="true" signature="setUp()[pri:0, instance:testscenarios.FlipkartTest@449a4f23]" started-at="2023-10-28T14:32:08 BST" name="setUp" finished-at="2023-10-28T14:32:09 BST" duration-ms="271" status="PASS">
          <reporter-output>
          </reporter-output>
        </test-method> <!-- setUp -->
        <test-method signature="testFlipkartHomePage()[pri:1, instance:testscenarios.FlipkartTest@449a4f23]" started-at="2023-10-28T14:32:09 BST" name="testFlipkartHomePage" finished-at="2023-10-28T14:32:11 BST" duration-ms="1940" status="PASS">
          <reporter-output>
          </reporter-output>
        </test-method> <!-- testFlipkartHomePage -->
        <test-method signature="testSearch()[pri:2, instance:testscenarios.FlipkartTest@449a4f23]" started-at="2023-10-28T14:32:11 BST" name="testSearch" finished-at="2023-10-28T14:32:16 BST" duration-ms="5566" status="PASS">
          <reporter-output>
          </reporter-output>
        </test-method> <!-- testSearch -->
        <test-method is-config="true" signature="tearDown()[pri:0, instance:testscenarios.FlipkartTest@449a4f23]" started-at="2023-10-28T14:32:16 BST" name="tearDown" finished-at="2023-10-28T14:32:16 BST" duration-ms="1" status="PASS">
          <reporter-output>
          </reporter-output>
        </test-method> <!-- tearDown -->
        <test-method is-config="true" signature="afterSuiteTearDown()[pri:0, instance:testscenarios.FlipkartTest@449a4f23]" started-at="2023-10-28T14:32:16 BST" name="afterSuiteTearDown" finished-at="2023-10-28T14:32:17 BST" duration-ms="380" status="PASS">
          <reporter-output>
          </reporter-output>
        </test-method> <!-- afterSuiteTearDown -->
      </class> <!-- testscenarios.FlipkartTest -->
    </test> <!-- Default test -->
  </suite> <!-- Default suite -->
</testng-results>
